<?xml version="1.0" encoding="UTF-8"?>
<!-- Generated by org.testng.reporters.JUnitReportReporter -->
<testsuite hostname="LAPTOP-T0NS83VU" failures="0" tests="4" name="myTestCases9" time="0.372" errors="0" timestamp="2024-06-10T00:07:06 AST" skipped="2">
  <testcase classname="myTestCases9" name="logInTest" time="0.294"/>
  <system-out/>
  <testcase classname="myTestCases9" name="findAllElementThatHasTheLab" time="0.078"/>
  <system-out/>
  <testcase classname="myTestCases9" name="addAllItems">
    <skipped/>
  </testcase> <!-- addAllItems -->
  <system-out/>
  <testcase classname="myTestCases9" name="addOneItemAndSkipTheNextOne">
    <skipped/>
  </testcase> <!-- addOneItemAndSkipTheNextOne -->
  <system-out/>
</testsuite> <!-- myTestCases9 -->
